c:\users\spont\documents\projects\general\c++\test\opengltests\opengltutorial\opengltutorial\debug\vc143.pdb
c:\users\spont\documents\projects\general\c++\test\opengltests\opengltutorial\opengltutorial\debug\vc143.idb
c:\users\spont\documents\projects\general\c++\test\opengltests\opengltutorial\opengltutorial\debug\vertexbuffer.obj
c:\users\spont\documents\projects\general\c++\test\opengltests\opengltutorial\opengltutorial\debug\renderer.obj
c:\users\spont\documents\projects\general\c++\test\opengltests\opengltutorial\opengltutorial\debug\application.obj
c:\users\spont\documents\projects\general\c++\test\opengltests\opengltutorial\opengltutorial\debug\indexbuffer.obj
c:\users\spont\documents\projects\general\c++\test\opengltests\opengltutorial\opengltutorial\debug\vertexarray.obj
c:\users\spont\documents\projects\general\c++\test\opengltests\opengltutorial\opengltutorial\debug\shader.obj
c:\users\spont\documents\projects\general\c++\test\opengltests\opengltutorial\opengltutorial\debug\texture.obj
c:\users\spont\documents\projects\general\c++\test\opengltests\opengltutorial\opengltutorial\debug\stb_image.obj
c:\users\spont\documents\projects\general\c++\test\opengltests\opengltutorial\opengltutorial\debug\glm.obj
c:\users\spont\documents\projects\general\c++\test\opengltests\opengltutorial\opengltutorial\debug\imgui_widgets.obj
c:\users\spont\documents\projects\general\c++\test\opengltests\opengltutorial\opengltutorial\debug\imgui_tables.obj
c:\users\spont\documents\projects\general\c++\test\opengltests\opengltutorial\opengltutorial\debug\imgui_impl_glfw.obj
c:\users\spont\documents\projects\general\c++\test\opengltests\opengltutorial\opengltutorial\debug\imgui_draw.obj
c:\users\spont\documents\projects\general\c++\test\opengltests\opengltutorial\opengltutorial\debug\imgui_demo.obj
c:\users\spont\documents\projects\general\c++\test\opengltests\opengltutorial\opengltutorial\debug\imgui.obj
c:\users\spont\documents\projects\general\c++\test\opengltests\opengltutorial\opengltutorial\debug\imgui_impl_opengl3.obj
c:\users\spont\documents\projects\general\c++\test\opengltests\opengltutorial\debug\opengltutorial.exe
c:\users\spont\documents\projects\general\c++\test\opengltests\opengltutorial\opengltutorial\debug\opengltutorial.ilk
c:\users\spont\documents\projects\general\c++\test\opengltests\opengltutorial\debug\opengltutorial.pdb
c:\users\spont\documents\projects\general\c++\simulation\opengltutorial\debug\application.obj
c:\users\spont\documents\projects\general\c++\simulation\opengltutorial\debug\glm.obj
c:\users\spont\documents\projects\general\c++\simulation\opengltutorial\debug\imgui.obj
c:\users\spont\documents\projects\general\c++\simulation\opengltutorial\debug\imgui_demo.obj
c:\users\spont\documents\projects\general\c++\simulation\opengltutorial\debug\imgui_draw.obj
c:\users\spont\documents\projects\general\c++\simulation\opengltutorial\debug\imgui_impl_glfw.obj
c:\users\spont\documents\projects\general\c++\simulation\opengltutorial\debug\imgui_impl_opengl3.obj
c:\users\spont\documents\projects\general\c++\simulation\opengltutorial\debug\imgui_tables.obj
c:\users\spont\documents\projects\general\c++\simulation\opengltutorial\debug\imgui_widgets.obj
c:\users\spont\documents\projects\general\c++\simulation\opengltutorial\debug\indexbuffer.obj
c:\users\spont\documents\projects\general\c++\simulation\opengltutorial\debug\renderer.obj
c:\users\spont\documents\projects\general\c++\simulation\opengltutorial\debug\shader.obj
c:\users\spont\documents\projects\general\c++\simulation\opengltutorial\debug\stb_image.obj
c:\users\spont\documents\projects\general\c++\simulation\opengltutorial\debug\texture.obj
c:\users\spont\documents\projects\general\c++\simulation\opengltutorial\debug\vertexarray.obj
c:\users\spont\documents\projects\general\c++\simulation\opengltutorial\debug\vertexbuffer.obj
c:\users\spont\documents\projects\general\c++\simulation\opengltutorial\debug\application.obj.enc
c:\users\spont\documents\projects\general\c++\simulation\opengltutorial\debug\opengltutorial.ilk
c:\users\spont\documents\projects\general\c++\simulation\opengltutorial\debug\vc143.idb
c:\users\spont\documents\projects\general\c++\simulation\opengltutorial\debug\vc143.pdb
c:\users\spont\documents\projects\general\c++\simulation\debug\opengltutorial.pdb
c:\users\spont\documents\projects\general\c++\simulation\debug\opengltutorial.exe
c:\users\spont\documents\projects\general\c++\simulation\opengltutorial\debug\opengltutorial.tlog\cl.command.1.tlog
c:\users\spont\documents\projects\general\c++\simulation\opengltutorial\debug\opengltutorial.tlog\cl.read.1.tlog
c:\users\spont\documents\projects\general\c++\simulation\opengltutorial\debug\opengltutorial.tlog\cl.write.1.tlog
c:\users\spont\documents\projects\general\c++\simulation\opengltutorial\debug\opengltutorial.tlog\link.command.1.tlog
c:\users\spont\documents\projects\general\c++\simulation\opengltutorial\debug\opengltutorial.tlog\link.read.1.tlog
c:\users\spont\documents\projects\general\c++\simulation\opengltutorial\debug\opengltutorial.tlog\link.write.1.tlog
