  Application.cpp
  IndexBuffer.cpp
  Renderer.cpp
C:\Users\spont\Documents\Projects\General\C++\Simulation\OpenGLTutorial\src\Renderer.cpp(46,58): warning C4244: 'argument': conversion from 'T' to 'GLint', possible loss of data
          with
          [
              T=float
          ]
  Shader.cpp
  Texture.cpp
  VertexArray.cpp
  VertexBuffer.cpp
  Solid.cpp
  World.cpp
  SandScene.cpp
  Generating Code...
LINK : warning LNK4098: defaultlib 'LIBCMT' conflicts with use of other libs; use /NODEFAULTLIB:library
LINK : warning LNK4098: defaultlib 'MSVCRT' conflicts with use of other libs; use /NODEFAULTLIB:library
glew32s.lib(glew.obj) : warning LNK4099: PDB '' was not found with 'glew32s.lib(glew.obj)' or at ''; linking object as if no debug info
  OpenGLTutorial.vcxproj -> C:\Users\spont\Documents\Projects\General\C++\Simulation\Debug\Simulation.exe
