c:\users\spont\documents\projects\general\c++\simulation\opengltutorial\debug\vc143.pdb
c:\users\spont\documents\projects\general\c++\simulation\opengltutorial\debug\vc143.idb
c:\users\spont\documents\projects\general\c++\simulation\opengltutorial\debug\stb_image.obj
c:\users\spont\documents\projects\general\c++\simulation\opengltutorial\debug\imgui_widgets.obj
c:\users\spont\documents\projects\general\c++\simulation\opengltutorial\debug\imgui_tables.obj
c:\users\spont\documents\projects\general\c++\simulation\opengltutorial\debug\imgui_impl_opengl3.obj
c:\users\spont\documents\projects\general\c++\simulation\opengltutorial\debug\imgui_impl_glfw.obj
c:\users\spont\documents\projects\general\c++\simulation\opengltutorial\debug\imgui_draw.obj
c:\users\spont\documents\projects\general\c++\simulation\opengltutorial\debug\imgui_demo.obj
c:\users\spont\documents\projects\general\c++\simulation\opengltutorial\debug\imgui.obj
c:\users\spont\documents\projects\general\c++\simulation\opengltutorial\debug\glm.obj
c:\users\spont\documents\projects\general\c++\simulation\opengltutorial\debug\scene.obj
c:\users\spont\documents\projects\general\c++\simulation\opengltutorial\debug\solid.obj
c:\users\spont\documents\projects\general\c++\simulation\opengltutorial\debug\vertexbuffer.obj
c:\users\spont\documents\projects\general\c++\simulation\opengltutorial\debug\vertexarray.obj
c:\users\spont\documents\projects\general\c++\simulation\opengltutorial\debug\texture.obj
c:\users\spont\documents\projects\general\c++\simulation\opengltutorial\debug\shader.obj
c:\users\spont\documents\projects\general\c++\simulation\opengltutorial\debug\sandscene.obj
c:\users\spont\documents\projects\general\c++\simulation\opengltutorial\debug\indexbuffer.obj
c:\users\spont\documents\projects\general\c++\simulation\opengltutorial\debug\application.obj
c:\users\spont\documents\projects\general\c++\simulation\opengltutorial\debug\renderer.obj
c:\users\spont\documents\projects\general\c++\simulation\opengltutorial\debug\world.obj
c:\users\spont\documents\projects\general\c++\simulation\debug\simulation.pdb
c:\users\spont\documents\projects\general\c++\simulation\opengltutorial\debug\simulation.tlog\cl.command.1.tlog
c:\users\spont\documents\projects\general\c++\simulation\opengltutorial\debug\simulation.tlog\cl.read.1.tlog
c:\users\spont\documents\projects\general\c++\simulation\opengltutorial\debug\simulation.tlog\cl.write.1.tlog
c:\users\spont\documents\projects\general\c++\simulation\opengltutorial\debug\simulation.tlog\link-cvtres.read.1.tlog
c:\users\spont\documents\projects\general\c++\simulation\opengltutorial\debug\simulation.tlog\link-cvtres.write.1.tlog
c:\users\spont\documents\projects\general\c++\simulation\opengltutorial\debug\simulation.tlog\link-rc.read.1.tlog
c:\users\spont\documents\projects\general\c++\simulation\opengltutorial\debug\simulation.tlog\link-rc.write.1.tlog
c:\users\spont\documents\projects\general\c++\simulation\opengltutorial\debug\simulation.tlog\link.command.1.tlog
c:\users\spont\documents\projects\general\c++\simulation\opengltutorial\debug\simulation.tlog\link.read.1.tlog
c:\users\spont\documents\projects\general\c++\simulation\opengltutorial\debug\simulation.tlog\link.write.1.tlog
